<?xml version="1.0" encoding="UTF-8"?>
<!-- Generated by org.testng.reporters.JUnitReportReporter -->
<testsuite hostname="DESKTOP-SD0R73F" failures="0" tests="1" name="projects.crm.com.web.ecommerce.testcases.EndToEndTest" time="39.338" errors="0" timestamp="2023-08-29T15:50:49 ICT" skipped="0">
  <testcase classname="projects.crm.com.web.ecommerce.testcases.EndToEndTest" name="addItemToCart" time="39.338"/>
  <system-out/>
</testsuite> <!-- projects.crm.com.web.ecommerce.testcases.EndToEndTest -->
